<?xml version="1.0" encoding="UTF-8"?>
<testsuite name="MainTest" tests="1" skipped="0" failures="0" errors="0" timestamp="2021-12-03T08:42:38" hostname="P3-25144" time="0.033">
  <properties/>
  <testcase name="shouldReturnHelloWorld()" classname="MainTest" time="0.033"/>
  <system-out><![CDATA[]]></system-out>
  <system-err><![CDATA[]]></system-err>
</testsuite>
